-------------------------------------------------------------------------------
Test set: com.SIREB.validadores.TestValidadorBombero
-------------------------------------------------------------------------------
Tests run: 2, Failures: 0, Errors: 2, Skipped: 0, Time elapsed: 0.287 s <<< FAILURE! - in com.SIREB.validadores.TestValidadorBombero
idCuartelInvalidoTest  Time elapsed: 0.284 s  <<< ERROR!
org.mockito.exceptions.misusing.WrongTypeOfReturnValue: 

null cannot be returned by existsById()
existsById() should return boolean
***
If you're unsure why you're getting above error read on.
Due to the nature of the syntax above problem might occur because:
1. This exception *might* occur in wrongly written multi-threaded tests.
   Please refer to Mockito FAQ on limitations of concurrency testing.
2. A spy is stubbed using when(spy.foo()).then() syntax. It is safer to stub spies - 
   - with doReturn|Throw() family of methods. More in javadocs for Mockito.spy() method.

	at com.SIREB.validadores.TestValidadorBombero.idCuartelInvalidoTest(TestValidadorBombero.java:134)

bomberoInvalidoTest  Time elapsed: 0.002 s  <<< ERROR!
org.mockito.exceptions.misusing.WrongTypeOfReturnValue: 

null cannot be returned by existsById()
existsById() should return boolean
***
If you're unsure why you're getting above error read on.
Due to the nature of the syntax above problem might occur because:
1. This exception *might* occur in wrongly written multi-threaded tests.
   Please refer to Mockito FAQ on limitations of concurrency testing.
2. A spy is stubbed using when(spy.foo()).then() syntax. It is safer to stub spies - 
   - with doReturn|Throw() family of methods. More in javadocs for Mockito.spy() method.

	at com.SIREB.validadores.TestValidadorBombero.bomberoInvalidoTest(TestValidadorBombero.java:51)

